<?xml version="1.0" encoding="UTF-8"?>
<!-- Generated by org.testng.reporters.JUnitReportReporter -->
<testsuite hostname="CDC2-D-CMGRXJ2" name="MavenNew.NewTest" tests="1" failures="0" timestamp="17 Dec 2018 06:40:44 GMT" time="3.584" errors="0">
  <testcase name="f" time="3.584" classname="MavenNew.NewTest"/>
</testsuite> <!-- MavenNew.NewTest -->
